This file contains any messages produced by compilers while
running configure, to aid debugging if configure makes a mistake.

It was created by configure, which was
generated by GNU Autoconf 2.72.  Invocation command line was

  $ ./configure --enable-xdebug --with-php-config=/usr/bin/php-config

## --------- ##
## Platform. ##
## --------- ##

hostname = Developie
uname -m = x86_64
uname -r = 6.16.7-arch1-1
uname -s = Linux
uname -v = #1 SMP PREEMPT_DYNAMIC Thu, 11 Sep 2025 17:42:36 +0000

/usr/bin/uname -p = unknown
/bin/uname -X     = unknown

/bin/arch              = unknown
/usr/bin/arch -k       = unknown
/usr/convex/getsysinfo = unknown
/usr/bin/hostinfo      = unknown
/bin/machine           = unknown
/usr/bin/oslevel       = unknown
/bin/universe          = unknown

PATH: /usr/local/sbin/
PATH: /usr/local/bin/
PATH: /usr/bin/
PATH: /usr/lib/jvm/default/bin/
PATH: /usr/bin/site_perl/
PATH: /usr/bin/vendor_perl/
PATH: /usr/bin/core_perl/
PATH: /home/chef/.local/share/JetBrains/Toolbox/scripts/


## ----------- ##
## Core tests. ##
## ----------- ##

configure:2560: looking for aux files: config.guess config.sub
configure:2573:  trying ./build/
configure:2602:   ./build/config.guess found
configure:2602:   ./build/config.sub found
configure:2720: checking for grep that handles long lines and -e
configure:2786: result: /usr/bin/grep
configure:2791: checking for egrep
configure:2861: result: /usr/bin/grep -E
configure:2868: checking for a sed that does not truncate output
configure:2940: result: /usr/bin/sed
configure:3017: checking build system type
configure:3033: result: x86_64-pc-linux-gnu
configure:3053: checking host system type
configure:3068: result: x86_64-pc-linux-gnu
configure:3088: checking target system type
configure:3103: result: x86_64-pc-linux-gnu
configure:3155: checking for gawk
configure:3177: found /usr/bin/gawk
configure:3189: result: gawk
configure:3297: checking for pkg-config
configure:3320: found /usr/bin/pkg-config
configure:3333: result: /usr/bin/pkg-config
configure:3358: checking pkg-config is at least version 0.9.0
configure:3361: result: yes
configure:3438: checking for cc
configure:3459: found /usr/bin/cc
configure:3471: result: cc
configure:3502: checking for C compiler version
configure:3511: cc --version >&5
cc (GCC) 15.2.1 20250813
Copyright (C) 2025 Free Software Foundation, Inc.
This is free software; see the source for copying conditions.  There is NO
warranty; not even for MERCHANTABILITY or FITNESS FOR A PARTICULAR PURPOSE.

configure:3522: $? = 0
configure:3511: cc -v >&5
Using built-in specs.
COLLECT_GCC=cc
COLLECT_LTO_WRAPPER=/usr/lib/gcc/x86_64-pc-linux-gnu/15.2.1/lto-wrapper
Target: x86_64-pc-linux-gnu
Configured with: /build/gcc/src/gcc/configure --enable-languages=ada,c,c++,d,fortran,go,lto,m2,objc,obj-c++,rust,cobol --enable-bootstrap --prefix=/usr --libdir=/usr/lib --libexecdir=/usr/lib --mandir=/usr/share/man --infodir=/usr/share/info --with-bugurl=https://gitlab.archlinux.org/archlinux/packaging/packages/gcc/-/issues --with-build-config=bootstrap-lto --with-linker-hash-style=gnu --with-system-zlib --enable-__cxa_atexit --enable-cet=auto --enable-checking=release --enable-clocale=gnu --enable-default-pie --enable-default-ssp --enable-gnu-indirect-function --enable-gnu-unique-object --enable-libstdcxx-backtrace --enable-link-serialization=1 --enable-linker-build-id --enable-lto --enable-multilib --enable-plugin --enable-shared --enable-threads=posix --disable-libssp --disable-libstdcxx-pch --disable-werror
Thread model: posix
Supported LTO compression algorithms: zlib zstd
gcc version 15.2.1 20250813 (GCC) 
configure:3522: $? = 0
configure:3511: cc -V >&5
cc: error: unrecognized command-line option '-V'
cc: fatal error: no input files
compilation terminated.
configure:3522: $? = 1
configure:3511: cc -qversion >&5
cc: error: unrecognized command-line option '-qversion'; did you mean '--version'?
cc: fatal error: no input files
compilation terminated.
configure:3522: $? = 1
configure:3511: cc -version >&5
cc: error: unrecognized command-line option '-version'
cc: fatal error: no input files
compilation terminated.
configure:3522: $? = 1
configure:3542: checking whether the C compiler works
configure:3564: cc    conftest.c  >&5
configure:3568: $? = 0
configure:3619: result: yes
configure:3623: checking for C compiler default output file name
configure:3625: result: a.out
configure:3631: checking for suffix of executables
configure:3638: cc -o conftest    conftest.c  >&5
configure:3642: $? = 0
configure:3666: result: 
configure:3690: checking whether we are cross compiling
configure:3698: cc -o conftest    conftest.c  >&5
configure:3702: $? = 0
configure:3709: ./conftest
configure:3713: $? = 0
configure:3728: result: no
configure:3734: checking for suffix of object files
configure:3757: cc -c   conftest.c >&5
configure:3761: $? = 0
configure:3785: result: o
configure:3789: checking whether the compiler supports GNU C
configure:3809: cc -c   conftest.c >&5
configure:3809: $? = 0
configure:3821: result: yes
configure:3832: checking whether cc accepts -g
configure:3853: cc -c -g  conftest.c >&5
configure:3853: $? = 0
configure:3900: result: yes
configure:3920: checking for cc option to enable C11 features
configure:3935: cc  -c -g -O2  conftest.c >&5
configure:3935: $? = 0
configure:3954: result: none needed
configure:4078: checking how to run the C preprocessor
configure:4104: cc -E  conftest.c
configure:4104: $? = 0
configure:4120: cc -E  conftest.c
conftest.c:9:10: fatal error: ac_nonexistent.h: No such file or directory
    9 | #include <ac_nonexistent.h>
      |          ^~~~~~~~~~~~~~~~~~
compilation terminated.
configure:4120: $? = 1
configure: failed program was:
| /* confdefs.h */
| #define PACKAGE_NAME ""
| #define PACKAGE_TARNAME ""
| #define PACKAGE_VERSION ""
| #define PACKAGE_STRING ""
| #define PACKAGE_BUGREPORT ""
| #define PACKAGE_URL ""
| /* end confdefs.h.  */
| #include <ac_nonexistent.h>
configure:4149: result: cc -E
configure:4163: cc -E  conftest.c
configure:4163: $? = 0
configure:4179: cc -E  conftest.c
conftest.c:9:10: fatal error: ac_nonexistent.h: No such file or directory
    9 | #include <ac_nonexistent.h>
      |          ^~~~~~~~~~~~~~~~~~
compilation terminated.
configure:4179: $? = 1
configure: failed program was:
| /* confdefs.h */
| #define PACKAGE_NAME ""
| #define PACKAGE_TARNAME ""
| #define PACKAGE_VERSION ""
| #define PACKAGE_STRING ""
| #define PACKAGE_BUGREPORT ""
| #define PACKAGE_URL ""
| /* end confdefs.h.  */
| #include <ac_nonexistent.h>
configure:4212: checking for egrep -e
configure:4342: result: /usr/bin/grep -E
configure:4348: checking for icc
configure:4358: result: no
configure:4373: checking for suncc
configure:4383: result: no
configure:4402: checking for system library directory
configure:4419: result: lib
configure:4426: checking if compiler supports -Wl,-rpath,
configure:4446: cc -o conftest -g -O2   conftest.c -Wl,-rpath,/usr/lib  >&5
configure:4446: $? = 0
configure:4459: result: yes
configure:4583: checking for PHP prefix
configure:4585: result: /usr
configure:4587: checking for PHP includes
configure:4589: result: -I/usr/include/php -I/usr/include/php/main -I/usr/include/php/TSRM -I/usr/include/php/Zend -I/usr/include/php/ext -I/usr/include/php/ext/date/lib
configure:4591: checking for PHP extension directory
configure:4593: result: /usr/lib/php/modules
configure:4595: checking for PHP installed headers prefix
configure:4597: result: /usr/include/php
configure:4600: checking if debugging is enabled
configure:4624: result: no
configure:4627: checking if PHP is built with thread safety (ZTS)
configure:4651: result: no
configure:4728: result: 
configure:4730: result: Configuring extension
configure:4738: checking whether to enable Xdebug support
configure:4779: result: yes, shared
configure:4788: checking whether to enable Xdebug developer build flags
configure:4804: result: no
configure:4813: checking whether to compress profiler files (requires zlib)
configure:4830: result: yes
configure:4860: checking for supported PHP version
configure:4870: result: supported (8.4.12)
configure:4885: checking for clock_gettime
configure:4899: cc -o conftest -g -O2 -I/usr/include/php -I/usr/include/php/main -I/usr/include/php/TSRM -I/usr/include/php/Zend -I/usr/include/php/ext -I/usr/include/php/ext/date/lib   conftest.c  >&5
configure:4899: $? = 0
configure:4903: result: yes
configure:4959: checking for clock_gettime_nsec_np
configure:4959: cc -o conftest -g -O2 -I/usr/include/php -I/usr/include/php/main -I/usr/include/php/TSRM -I/usr/include/php/Zend -I/usr/include/php/ext -I/usr/include/php/ext/date/lib   conftest.c  >&5
/usr/bin/ld: /tmp/cchrn9re.o: in function `main':
/home/chef/GitHub/ForClassmates/Lawrence/xdebug-3.4.5/conftest.c:38:(.text.startup+0x5): undefined reference to `clock_gettime_nsec_np'
collect2: error: ld returned 1 exit status
configure:4959: $? = 1
configure: failed program was:
| /* confdefs.h */
| #define PACKAGE_NAME ""
| #define PACKAGE_TARNAME ""
| #define PACKAGE_VERSION ""
| #define PACKAGE_STRING ""
| #define PACKAGE_BUGREPORT ""
| #define PACKAGE_URL ""
| #define HAVE_XDEBUG 1
| #define HAVE_XDEBUG_CLOCK_GETTIME 1
| /* end confdefs.h.  */
| /* Define clock_gettime_nsec_np to an innocuous variant, in case <limits.h> declares clock_gettime_nsec_np.
|    For example, HP-UX 11i <limits.h> declares gettimeofday.  */
| #define clock_gettime_nsec_np innocuous_clock_gettime_nsec_np
| 
| /* System header to define __stub macros and hopefully few prototypes,
|    which can conflict with char clock_gettime_nsec_np (void); below.  */
| 
| #include <limits.h>
| #undef clock_gettime_nsec_np
| 
| /* Override any GCC internal prototype to avoid an error.
|    Use char because int might match the return type of a GCC
|    builtin and then its argument prototype would still apply.  */
| #ifdef __cplusplus
| extern "C"
| #endif
| char clock_gettime_nsec_np (void);
| /* The GNU C library defines this for functions which it implements
|     to always fail with ENOSYS.  Some functions are actually named
|     something starting with __ and the normal name is an alias.  */
| #if defined __stub_clock_gettime_nsec_np || defined __stub___clock_gettime_nsec_np
| choke me
| #endif
| 
| int
| main (void)
| {
| return clock_gettime_nsec_np ();
|   ;
|   return 0;
| }
configure:4959: result: no
configure:4973: checking for gettimeofday
configure:4973: cc -o conftest -g -O2 -I/usr/include/php -I/usr/include/php/main -I/usr/include/php/TSRM -I/usr/include/php/Zend -I/usr/include/php/ext -I/usr/include/php/ext/date/lib   conftest.c  >&5
configure:4973: $? = 0
configure:4973: result: yes
configure:4986: checking for stdio.h
configure:4986: cc -c -g -O2 -I/usr/include/php -I/usr/include/php/main -I/usr/include/php/TSRM -I/usr/include/php/Zend -I/usr/include/php/ext -I/usr/include/php/ext/date/lib  conftest.c >&5
configure:4986: $? = 0
configure:4986: result: yes
configure:4986: checking for stdlib.h
configure:4986: cc -c -g -O2 -I/usr/include/php -I/usr/include/php/main -I/usr/include/php/TSRM -I/usr/include/php/Zend -I/usr/include/php/ext -I/usr/include/php/ext/date/lib  conftest.c >&5
configure:4986: $? = 0
configure:4986: result: yes
configure:4986: checking for string.h
configure:4986: cc -c -g -O2 -I/usr/include/php -I/usr/include/php/main -I/usr/include/php/TSRM -I/usr/include/php/Zend -I/usr/include/php/ext -I/usr/include/php/ext/date/lib  conftest.c >&5
configure:4986: $? = 0
configure:4986: result: yes
configure:4986: checking for inttypes.h
configure:4986: cc -c -g -O2 -I/usr/include/php -I/usr/include/php/main -I/usr/include/php/TSRM -I/usr/include/php/Zend -I/usr/include/php/ext -I/usr/include/php/ext/date/lib  conftest.c >&5
configure:4986: $? = 0
configure:4986: result: yes
configure:4986: checking for stdint.h
configure:4986: cc -c -g -O2 -I/usr/include/php -I/usr/include/php/main -I/usr/include/php/TSRM -I/usr/include/php/Zend -I/usr/include/php/ext -I/usr/include/php/ext/date/lib  conftest.c >&5
configure:4986: $? = 0
configure:4986: result: yes
configure:4986: checking for strings.h
configure:4986: cc -c -g -O2 -I/usr/include/php -I/usr/include/php/main -I/usr/include/php/TSRM -I/usr/include/php/Zend -I/usr/include/php/ext -I/usr/include/php/ext/date/lib  conftest.c >&5
configure:4986: $? = 0
configure:4986: result: yes
configure:4986: checking for sys/stat.h
configure:4986: cc -c -g -O2 -I/usr/include/php -I/usr/include/php/main -I/usr/include/php/TSRM -I/usr/include/php/Zend -I/usr/include/php/ext -I/usr/include/php/ext/date/lib  conftest.c >&5
configure:4986: $? = 0
configure:4986: result: yes
configure:4986: checking for sys/types.h
configure:4986: cc -c -g -O2 -I/usr/include/php -I/usr/include/php/main -I/usr/include/php/TSRM -I/usr/include/php/Zend -I/usr/include/php/ext -I/usr/include/php/ext/date/lib  conftest.c >&5
configure:4986: $? = 0
configure:4986: result: yes
configure:4986: checking for unistd.h
configure:4986: cc -c -g -O2 -I/usr/include/php -I/usr/include/php/main -I/usr/include/php/TSRM -I/usr/include/php/Zend -I/usr/include/php/ext -I/usr/include/php/ext/date/lib  conftest.c >&5
configure:4986: $? = 0
configure:4986: result: yes
configure:5011: checking for netinet/in.h
configure:5011: cc -c -g -O2 -I/usr/include/php -I/usr/include/php/main -I/usr/include/php/TSRM -I/usr/include/php/Zend -I/usr/include/php/ext -I/usr/include/php/ext/date/lib  conftest.c >&5
configure:5011: $? = 0
configure:5011: result: yes
configure:5017: checking for poll.h
configure:5017: cc -c -g -O2 -I/usr/include/php -I/usr/include/php/main -I/usr/include/php/TSRM -I/usr/include/php/Zend -I/usr/include/php/ext -I/usr/include/php/ext/date/lib  conftest.c >&5
configure:5017: $? = 0
configure:5017: result: yes
configure:5023: checking for sys/poll.h
configure:5023: cc -c -g -O2 -I/usr/include/php -I/usr/include/php/main -I/usr/include/php/TSRM -I/usr/include/php/Zend -I/usr/include/php/ext -I/usr/include/php/ext/date/lib  conftest.c >&5
configure:5023: $? = 0
configure:5023: result: yes
configure:5037: checking for linux/rtnetlink.h
configure:5037: cc -c -g -O2 -I/usr/include/php -I/usr/include/php/main -I/usr/include/php/TSRM -I/usr/include/php/Zend -I/usr/include/php/ext -I/usr/include/php/ext/date/lib  conftest.c >&5
configure:5037: $? = 0
configure:5037: result: yes
configure:5061: checking for res_ninit
configure:5061: cc -o conftest -g -O2 -I/usr/include/php -I/usr/include/php/main -I/usr/include/php/TSRM -I/usr/include/php/Zend -I/usr/include/php/ext -I/usr/include/php/ext/date/lib   conftest.c  >&5
/usr/bin/ld: /tmp/cc7HtSyy.o: in function `main':
/home/chef/GitHub/ForClassmates/Lawrence/xdebug-3.4.5/conftest.c:55:(.text.startup+0x5): undefined reference to `res_ninit'
collect2: error: ld returned 1 exit status
configure:5061: $? = 1
configure: failed program was:
| /* confdefs.h */
| #define PACKAGE_NAME ""
| #define PACKAGE_TARNAME ""
| #define PACKAGE_VERSION ""
| #define PACKAGE_STRING ""
| #define PACKAGE_BUGREPORT ""
| #define PACKAGE_URL ""
| #define HAVE_XDEBUG 1
| #define HAVE_XDEBUG_CLOCK_GETTIME 1
| #define HAVE_XDEBUG_CLOCK_GETTIME_NSEC_NP 0
| #define HAVE_GETTIMEOFDAY 1
| #define HAVE_STDIO_H 1
| #define HAVE_STDLIB_H 1
| #define HAVE_STRING_H 1
| #define HAVE_INTTYPES_H 1
| #define HAVE_STDINT_H 1
| #define HAVE_STRINGS_H 1
| #define HAVE_SYS_STAT_H 1
| #define HAVE_SYS_TYPES_H 1
| #define HAVE_UNISTD_H 1
| #define STDC_HEADERS 1
| #define HAVE_NETINET_IN_H 1
| #define HAVE_POLL_H 1
| #define HAVE_SYS_POLL_H 1
| #define HAVE_XDEBUG_CONTROL_SOCKET_SUPPORT 1
| #define HAVE_LINUX_RTNETLINK_H 1
| /* end confdefs.h.  */
| /* Define res_ninit to an innocuous variant, in case <limits.h> declares res_ninit.
|    For example, HP-UX 11i <limits.h> declares gettimeofday.  */
| #define res_ninit innocuous_res_ninit
| 
| /* System header to define __stub macros and hopefully few prototypes,
|    which can conflict with char res_ninit (void); below.  */
| 
| #include <limits.h>
| #undef res_ninit
| 
| /* Override any GCC internal prototype to avoid an error.
|    Use char because int might match the return type of a GCC
|    builtin and then its argument prototype would still apply.  */
| #ifdef __cplusplus
| extern "C"
| #endif
| char res_ninit (void);
| /* The GNU C library defines this for functions which it implements
|     to always fail with ENOSYS.  Some functions are actually named
|     something starting with __ and the normal name is an alias.  */
| #if defined __stub_res_ninit || defined __stub___res_ninit
| choke me
| #endif
| 
| int
| main (void)
| {
| return res_ninit ();
|   ;
|   return 0;
| }
configure:5061: result: no
configure:5066: checking for __res_ninit
configure:5066: cc -o conftest -g -O2 -I/usr/include/php -I/usr/include/php/main -I/usr/include/php/TSRM -I/usr/include/php/Zend -I/usr/include/php/ext -I/usr/include/php/ext/date/lib   conftest.c  >&5
configure:5066: $? = 0
configure:5066: result: yes
configure:5264: checking for res_nclose
configure:5264: cc -o conftest -g -O2 -I/usr/include/php -I/usr/include/php/main -I/usr/include/php/TSRM -I/usr/include/php/Zend -I/usr/include/php/ext -I/usr/include/php/ext/date/lib   conftest.c  >&5
/usr/bin/ld: /tmp/cczwpNPH.o: in function `main':
/home/chef/GitHub/ForClassmates/Lawrence/xdebug-3.4.5/conftest.c:56:(.text.startup+0x5): undefined reference to `res_nclose'
collect2: error: ld returned 1 exit status
configure:5264: $? = 1
configure: failed program was:
| /* confdefs.h */
| #define PACKAGE_NAME ""
| #define PACKAGE_TARNAME ""
| #define PACKAGE_VERSION ""
| #define PACKAGE_STRING ""
| #define PACKAGE_BUGREPORT ""
| #define PACKAGE_URL ""
| #define HAVE_XDEBUG 1
| #define HAVE_XDEBUG_CLOCK_GETTIME 1
| #define HAVE_XDEBUG_CLOCK_GETTIME_NSEC_NP 0
| #define HAVE_GETTIMEOFDAY 1
| #define HAVE_STDIO_H 1
| #define HAVE_STDLIB_H 1
| #define HAVE_STRING_H 1
| #define HAVE_INTTYPES_H 1
| #define HAVE_STDINT_H 1
| #define HAVE_STRINGS_H 1
| #define HAVE_SYS_STAT_H 1
| #define HAVE_SYS_TYPES_H 1
| #define HAVE_UNISTD_H 1
| #define STDC_HEADERS 1
| #define HAVE_NETINET_IN_H 1
| #define HAVE_POLL_H 1
| #define HAVE_SYS_POLL_H 1
| #define HAVE_XDEBUG_CONTROL_SOCKET_SUPPORT 1
| #define HAVE_LINUX_RTNETLINK_H 1
| #define HAVE_RES_NINIT 1
| /* end confdefs.h.  */
| /* Define res_nclose to an innocuous variant, in case <limits.h> declares res_nclose.
|    For example, HP-UX 11i <limits.h> declares gettimeofday.  */
| #define res_nclose innocuous_res_nclose
| 
| /* System header to define __stub macros and hopefully few prototypes,
|    which can conflict with char res_nclose (void); below.  */
| 
| #include <limits.h>
| #undef res_nclose
| 
| /* Override any GCC internal prototype to avoid an error.
|    Use char because int might match the return type of a GCC
|    builtin and then its argument prototype would still apply.  */
| #ifdef __cplusplus
| extern "C"
| #endif
| char res_nclose (void);
| /* The GNU C library defines this for functions which it implements
|     to always fail with ENOSYS.  Some functions are actually named
|     something starting with __ and the normal name is an alias.  */
| #if defined __stub_res_nclose || defined __stub___res_nclose
| choke me
| #endif
| 
| int
| main (void)
| {
| return res_nclose ();
|   ;
|   return 0;
| }
configure:5264: result: no
configure:5269: checking for __res_nclose
configure:5269: cc -o conftest -g -O2 -I/usr/include/php -I/usr/include/php/main -I/usr/include/php/TSRM -I/usr/include/php/Zend -I/usr/include/php/ext -I/usr/include/php/ext/date/lib   conftest.c  >&5
configure:5269: $? = 0
configure:5269: result: yes
configure:5577: checking for cos in -lm
configure:5606: cc -o conftest -g -O2 -I/usr/include/php -I/usr/include/php/main -I/usr/include/php/TSRM -I/usr/include/php/Zend -I/usr/include/php/ext -I/usr/include/php/ext/date/lib   conftest.c -lm   >&5
conftest.c:40:6: warning: conflicting types for built-in function 'cos'; expected 'double(double)' [-Wbuiltin-declaration-mismatch]
   40 | char cos (void);
      |      ^~~
conftest.c:1:1: note: 'cos' is declared in header '<math.h>'
    1 | /* confdefs.h */
configure:5606: $? = 0
configure:5618: result: yes
configure:5663: checking for zlib >= 1.2.9
configure:5670: $PKG_CONFIG --exists --print-errors "zlib >= 1.2.9"
configure:5673: $? = 0
configure:5687: $PKG_CONFIG --exists --print-errors "zlib >= 1.2.9"
configure:5690: $? = 0
configure:5728: result: yes
configure:7774: result: 
configure:7776: result: Configuring libtool
configure:7864: checking for a sed that does not truncate output
configure:7920: result: /usr/bin/sed
configure:7936: checking for ld used by cc
configure:8005: result: /usr/bin/ld
configure:8012: checking if the linker (/usr/bin/ld) is GNU ld
configure:8029: result: yes
configure:8034: checking for /usr/bin/ld option to reload object files
configure:8043: result: -r
configure:8061: checking for BSD-compatible nm
configure:8112: result: /usr/bin/nm -B
configure:8116: checking whether ln -s works
configure:8120: result: yes
configure:8127: checking how to recognize dependent libraries
configure:8315: result: pass_all
configure:8400: cc -c -g -O2  conftest.c >&5
configure:8403: $? = 0
configure:8536: checking for dlfcn.h
configure:8536: cc -c -g -O2  conftest.c >&5
configure:8536: $? = 0
configure:8536: result: yes
configure:8555: checking the maximum length of command line arguments
configure:8669: result: 1572864
configure:8681: checking command to parse /usr/bin/nm -B output from cc object
configure:8787: cc -c -g -O2  conftest.c >&5
configure:8790: $? = 0
configure:8794: /usr/bin/nm -B conftest.o \| sed -n -e 's/^.*[ 	]\([ABCDGIRSTW][ABCDGIRSTW]*\)[ 	][ 	]*\([_A-Za-z][_A-Za-z0-9]*\)$/\1 \2 \2/p' \> conftest.nm
configure:8797: $? = 0
configure:8849: cc -o conftest -g -O2   conftest.c conftstm.o >&5
configure:8852: $? = 0
configure:8891: result: ok
configure:8895: checking for objdir
configure:8912: result: .libs
configure:9010: checking for ar
configure:9031: found /usr/bin/ar
configure:9043: result: ar
configure:9114: checking for ranlib
configure:9135: found /usr/bin/ranlib
configure:9147: result: ranlib
configure:9218: checking for strip
configure:9239: found /usr/bin/strip
configure:9251: result: strip
configure:9854: checking if cc supports -fno-rtti -fno-exceptions
configure:9873: cc -c -g -O2  -fno-rtti -fno-exceptions conftest.c >&5
cc1: warning: command-line option '-fno-rtti' is valid for C++/D/ObjC++ but not for C
configure:9877: $? = 0
configure:9891: result: no
configure:9906: checking for cc option to produce PIC
configure:10146: result: -fPIC
configure:10154: checking if cc PIC flag -fPIC works
configure:10173: cc -c -g -O2  -fPIC -DPIC conftest.c >&5
configure:10177: $? = 0
configure:10191: result: yes
configure:10219: checking if cc static flag -static works
configure:10249: result: yes
configure:10259: checking if cc supports -c -o file.o
configure:10281: cc -c -g -O2  -o out/conftest2.o conftest.c >&5
configure:10285: $? = 0
configure:10308: result: yes
configure:10334: checking whether the cc linker (/usr/bin/ld -m elf_x86_64) supports shared libraries
configure:11262: result: yes
configure:11283: checking whether -lc should be explicitly linked in
configure:11288: cc -c -g -O2  conftest.c >&5
configure:11291: $? = 0
configure:11306: cc -shared conftest.o  -v -Wl,-soname -Wl,conftest -o conftest 2\>\&1 \| grep  -lc  \>/dev/null 2\>\&1
configure:11309: $? = 0
configure:11321: result: no
configure:11329: checking dynamic linker characteristics
configure:11938: result: GNU/Linux ld.so
configure:11966: checking how to hardcode library paths into programs
configure:11991: result: immediate
configure:12005: checking whether stripping libraries is possible
configure:12010: result: yes
configure:12573: checking if libtool supports shared libraries
configure:12575: result: yes
configure:12578: checking whether to build shared libraries
configure:12599: result: yes
configure:12602: checking whether to build static libraries
configure:12606: result: no
configure:12700: result:
creating libtool
configure:16344: result: 
configure:16346: result: Generating files
configure:16471: creating build directories
configure:16476: creating Makefile
configure:16492: patching config.h.in
configure:16503: creating ./config.status

## ---------------------- ##
## Running config.status. ##
## ---------------------- ##

This file was extended by config.status, which was
generated by GNU Autoconf 2.72.  Invocation command line was

  CONFIG_FILES    = 
  CONFIG_HEADERS  = 
  CONFIG_LINKS    = 
  CONFIG_COMMANDS = 
  $ ./config.status 

on Developie

config.status:684: creating config.h

## ---------------- ##
## Cache variables. ##
## ---------------- ##

ac_cv_build=x86_64-pc-linux-gnu
ac_cv_c_compiler_gnu=yes
ac_cv_env_CC_set=
ac_cv_env_CC_value=
ac_cv_env_CFLAGS_set=
ac_cv_env_CFLAGS_value=
ac_cv_env_CPPFLAGS_set=
ac_cv_env_CPPFLAGS_value=
ac_cv_env_CPP_set=
ac_cv_env_CPP_value=
ac_cv_env_LDFLAGS_set=
ac_cv_env_LDFLAGS_value=
ac_cv_env_LIBS_set=
ac_cv_env_LIBS_value=
ac_cv_env_PKG_CONFIG_LIBDIR_set=
ac_cv_env_PKG_CONFIG_LIBDIR_value=
ac_cv_env_PKG_CONFIG_PATH_set=
ac_cv_env_PKG_CONFIG_PATH_value=
ac_cv_env_PKG_CONFIG_set=
ac_cv_env_PKG_CONFIG_value=
ac_cv_env_ZLIB_CFLAGS_set=
ac_cv_env_ZLIB_CFLAGS_value=
ac_cv_env_ZLIB_LIBS_set=
ac_cv_env_ZLIB_LIBS_value=
ac_cv_env_build_alias_set=
ac_cv_env_build_alias_value=
ac_cv_env_host_alias_set=
ac_cv_env_host_alias_value=
ac_cv_env_target_alias_set=
ac_cv_env_target_alias_value=
ac_cv_func___res_nclose=yes
ac_cv_func___res_ninit=yes
ac_cv_func_clock_gettime_nsec_np=no
ac_cv_func_gettimeofday=yes
ac_cv_func_res_nclose=yes
ac_cv_func_res_ninit=yes
ac_cv_header_dlfcn_h=yes
ac_cv_header_inttypes_h=yes
ac_cv_header_linux_rtnetlink_h=yes
ac_cv_header_netinet_in_h=yes
ac_cv_header_poll_h=yes
ac_cv_header_stdint_h=yes
ac_cv_header_stdio_h=yes
ac_cv_header_stdlib_h=yes
ac_cv_header_string_h=yes
ac_cv_header_strings_h=yes
ac_cv_header_sys_poll_h=yes
ac_cv_header_sys_stat_h=yes
ac_cv_header_sys_types_h=yes
ac_cv_header_unistd_h=yes
ac_cv_host=x86_64-pc-linux-gnu
ac_cv_lib_m_cos=yes
ac_cv_objext=o
ac_cv_path_EGREP='/usr/bin/grep -E'
ac_cv_path_EGREP_TRADITIONAL='/usr/bin/grep -E'
ac_cv_path_GREP=/usr/bin/grep
ac_cv_path_SED=/usr/bin/sed
ac_cv_path_ac_pt_PKG_CONFIG=/usr/bin/pkg-config
ac_cv_prog_AWK=gawk
ac_cv_prog_CPP='cc -E'
ac_cv_prog_ac_ct_AR=ar
ac_cv_prog_ac_ct_CC=cc
ac_cv_prog_ac_ct_RANLIB=ranlib
ac_cv_prog_ac_ct_STRIP=strip
ac_cv_prog_cc_c11=
ac_cv_prog_cc_g=yes
ac_cv_prog_cc_stdc=
ac_cv_target=x86_64-pc-linux-gnu
lt_cv_deplibs_check_method=pass_all
lt_cv_file_magic_cmd='$MAGIC_CMD'
lt_cv_file_magic_test_file=
lt_cv_ld_reload_flag=-r
lt_cv_objdir=.libs
lt_cv_path_LD=/usr/bin/ld
lt_cv_path_NM='/usr/bin/nm -B'
lt_cv_path_SED=/usr/bin/sed
lt_cv_prog_compiler_c_o=yes
lt_cv_prog_compiler_pic_works=yes
lt_cv_prog_compiler_rtti_exceptions=no
lt_cv_prog_compiler_static_works=yes
lt_cv_prog_gnu_ld=yes
lt_cv_sys_global_symbol_pipe='sed -n -e '\''s/^.*[ 	]\([ABCDGIRSTW][ABCDGIRSTW]*\)[ 	][ 	]*\([_A-Za-z][_A-Za-z0-9]*\)$/\1 \2 \2/p'\'''
lt_cv_sys_global_symbol_to_c_name_address='sed -n -e '\''s/^: \([^ ]*\) $/  {\"\1\", (lt_ptr) 0},/p'\'' -e '\''s/^[BCDEGRST] \([^ ]*\) \([^ ]*\)$/  {"\2", (lt_ptr) \&\2},/p'\'''
lt_cv_sys_global_symbol_to_cdecl='sed -n -e '\''s/^. .* \(.*\)$/extern int \1;/p'\'''
lt_cv_sys_lib_dlsearch_path_spec='/lib /usr/lib /usr/lib32 /usr/lib/libfakeroot '
lt_cv_sys_lib_search_path_spec='/usr/lib/gcc/x86_64-pc-linux-gnu/15.2.1 /usr/lib /lib'
lt_cv_sys_max_cmd_len=1572864
lt_lt_cv_prog_compiler_c_o='"yes"'
lt_lt_cv_sys_global_symbol_pipe='"sed -n -e '\''s/^.*[ 	]\\([ABCDGIRSTW][ABCDGIRSTW]*\\)[ 	][ 	]*\\([_A-Za-z][_A-Za-z0-9]*\\)\$/\\1 \\2 \\2/p'\''"'
lt_lt_cv_sys_global_symbol_to_c_name_address='"sed -n -e '\''s/^: \\([^ ]*\\) \$/  {\\\"\\1\\\", (lt_ptr) 0},/p'\'' -e '\''s/^[BCDEGRST] \\([^ ]*\\) \\([^ ]*\\)\$/  {\"\\2\", (lt_ptr) \\&\\2},/p'\''"'
lt_lt_cv_sys_global_symbol_to_cdecl='"sed -n -e '\''s/^. .* \\(.*\\)\$/extern int \\1;/p'\''"'
php_cv_cc_rpath=yes
pkg_cv_ZLIB_CFLAGS=
pkg_cv_ZLIB_LIBS=-lz

## ----------------- ##
## Output variables. ##
## ----------------- ##

AR='ar'
AWK='gawk'
BUILD_CC='cc'
CC='cc'
CFLAGS='-g -O2'
CONFIGURE_COMMAND=' '\''./configure'\''  '\''--enable-xdebug'\'' '\''--with-php-config=/usr/bin/php-config'\'''
CONFIGURE_OPTIONS=' '\''--enable-xdebug'\'' '\''--with-php-config=/usr/bin/php-config'\'''
CPP='cc -E'
CPPFLAGS=' -DHAVE_CONFIG_H'
DEFS='-DHAVE_CONFIG_H'
DSYMUTIL=''
ECHO='echo'
ECHO_C=''
ECHO_N='-n'
ECHO_T=''
EGREP='/usr/bin/grep -E'
EXEEXT=''
GREP='/usr/bin/grep'
LDFLAGS=''
LIBOBJS=''
LIBS=''
LIBTOOL='$(SHELL) $(top_builddir)/libtool'
LN_S='ln -s'
LTLIBOBJS=''
NMEDIT=''
OBJEXT='o'
PACKAGE_BUGREPORT=''
PACKAGE_NAME=''
PACKAGE_STRING=''
PACKAGE_TARNAME=''
PACKAGE_URL=''
PACKAGE_VERSION=''
PATH_SEPARATOR=':'
PKG_CONFIG='/usr/bin/pkg-config'
PKG_CONFIG_LIBDIR=''
PKG_CONFIG_PATH=''
RANLIB='ranlib'
SED='/usr/bin/sed'
SHELL='/bin/sh'
SHLIB_DL_SUFFIX_NAME='so'
SHLIB_SUFFIX_NAME='so'
STRIP='strip'
ZLIB_CFLAGS=''
ZLIB_LIBS='-lz'
ac_ct_CC='cc'
bindir='${exec_prefix}/bin'
build='x86_64-pc-linux-gnu'
build_alias=''
build_cpu='x86_64'
build_os='linux-gnu'
build_vendor='pc'
datadir='${datarootdir}'
datarootdir='${prefix}/share'
docdir='${datarootdir}/doc/${PACKAGE}'
dvidir='${docdir}'
exec_prefix='$(prefix)'
host='x86_64-pc-linux-gnu'
host_alias='x86_64-pc-linux-gnu'
host_cpu='x86_64'
host_os='linux-gnu'
host_vendor='pc'
htmldir='${docdir}'
includedir='${prefix}/include'
infodir='${datarootdir}/info'
libdir='${exec_prefix}/lib'
libexecdir='${exec_prefix}/libexec'
localedir='${datarootdir}/locale'
localstatedir='${prefix}/var'
mandir='${datarootdir}/man'
oldincludedir='/usr/include'
pdfdir='${docdir}'
prefix='/usr'
program_transform_name='s,x,x,'
psdir='${docdir}'
runstatedir='${localstatedir}/run'
sbindir='${exec_prefix}/sbin'
sharedstatedir='${prefix}/com'
sysconfdir='${prefix}/etc'
target='x86_64-pc-linux-gnu'
target_alias=''
target_cpu='x86_64'
target_os='linux-gnu'
target_vendor='pc'

## ----------- ##
## confdefs.h. ##
## ----------- ##

/* confdefs.h */
#define PACKAGE_NAME ""
#define PACKAGE_TARNAME ""
#define PACKAGE_VERSION ""
#define PACKAGE_STRING ""
#define PACKAGE_BUGREPORT ""
#define PACKAGE_URL ""
#define HAVE_XDEBUG 1
#define HAVE_XDEBUG_CLOCK_GETTIME 1
#define HAVE_XDEBUG_CLOCK_GETTIME_NSEC_NP 0
#define HAVE_GETTIMEOFDAY 1
#define HAVE_STDIO_H 1
#define HAVE_STDLIB_H 1
#define HAVE_STRING_H 1
#define HAVE_INTTYPES_H 1
#define HAVE_STDINT_H 1
#define HAVE_STRINGS_H 1
#define HAVE_SYS_STAT_H 1
#define HAVE_SYS_TYPES_H 1
#define HAVE_UNISTD_H 1
#define STDC_HEADERS 1
#define HAVE_NETINET_IN_H 1
#define HAVE_POLL_H 1
#define HAVE_SYS_POLL_H 1
#define HAVE_XDEBUG_CONTROL_SOCKET_SUPPORT 1
#define HAVE_LINUX_RTNETLINK_H 1
#define HAVE_RES_NINIT 1
#define HAVE_RES_NCLOSE 1
#define HAVE_XDEBUG_ZLIB 1
#define COMPILE_DL_XDEBUG 1
#define HAVE_DLFCN_H 1

configure: exit 0
